2023-03-25 16:25:47 DEBUG CityServiceImpl:45 - No results for path: $['local_names']['en']City: Ош
2023-03-25 16:26:59 DEBUG CityServiceImpl:45 - No results for path: $['local_names']['en']City: London
2023-03-25 17:27:03 DEBUG CityServiceImpl:46 - No results for path: $['local_names']['en']City: Paris
2023-03-25 17:27:10 DEBUG CityServiceImpl:46 - No results for path: $['local_names']['en']City: Париж
2023-03-25 17:27:37 DEBUG CityServiceImpl:46 - No results for path: $['local_names']['en']City: Питер
2023-03-25 17:27:52 DEBUG CityServiceImpl:46 - No results for path: $['local_names']['en']City: Бишкек
2023-03-25 17:29:08 DEBUG CityServiceImpl:46 - No results for path: $['local_names']['en']City: Paris
2023-03-25 17:30:06 DEBUG CityServiceImpl:46 - No results for path: $['local_names']['en']City: Ош
2023-03-25 17:34:29 DEBUG CityServiceImpl:46 - No results for path: $['local_names']['en']City: париж
2023-03-25 17:36:16 DEBUG CityServiceImpl:46 - No results for path: $['local_names']['en']City: Москва
2023-03-25 19:58:08 DEBUG CityServiceImpl:47 - No results for path: $['local_names']['en']City: Париж
2023-03-25 19:59:34 DEBUG CityServiceImpl:47 - No results for path: $['local_names']['en']City: Париж
2023-03-25 20:01:33 DEBUG CityServiceImpl:47 - No results for path: $['local_names']['en']City: Париж
2023-03-25 20:01:41 DEBUG CityServiceImpl:47 - No results for path: $['local_names']['en']City: Париж
2023-03-25 20:02:20 DEBUG CityServiceImpl:47 - No results for path: $['local_names']['en']City: москва
2023-03-25 20:03:34 DEBUG CityServiceImpl:47 - No results for path: $['local_names']['en']City: Париж
2023-03-25 20:06:03 DEBUG CityServiceImpl:47 - No results for path: $['local_names']['en']City: Париж
2023-03-25 20:07:26 DEBUG CityServiceImpl:47 - No results for path: $['local_names']['en']City: Париж
2023-03-25 20:11:33 DEBUG CityServiceImpl:47 - No results for path: $['local_names']['en']City: Париж
2023-03-25 20:11:33 DEBUG CityServiceImpl:47 - No results for path: $['local_names']['en']City: Париж
2023-03-25 20:11:33 DEBUG CityServiceImpl:47 - No results for path: $['local_names']['en']City: Париж
2023-03-25 20:11:33 DEBUG CityServiceImpl:47 - No results for path: $['local_names']['en']City: Париж
